<?xml version="1.0" encoding="UTF-8"?>
<!-- Generated by org.testng.reporters.JUnitXMLReporter -->
<testsuite ignored="0" hostname="DESKTOP-0BN16UB" failures="4" tests="5" name="customer Test1" time="27.676" errors="0" timestamp="2022-06-09T09:43:46 BST">
  <testcase classname="com.customer.testcases.TC_LoginTest_001" name="loginTest" time="5.53">
    <failure type="java.lang.NullPointerException">
      <![CDATA[java.lang.NullPointerException
at java.base/java.io.File.<init>(File.java:278)
at com.customer.testcases.BaseClass.captureScreen(BaseClass.java:68)
at com.customer.testcases.TC_LoginTest_001.loginTest(TC_LoginTest_001.java:35)
at java.base/java.util.ArrayList.forEach(ArrayList.java:1541)
... Removed 27 stack frames]]>
    </failure>
  </testcase> <!-- loginTest -->
  <testcase classname="com.customer.testcases.TC_LoginTest_002" name="loginTest" time="10.698"/>
  <testcase classname="com.customer.testcases.TC_LoginTest_002" name="loginTest" time="1.365">
    <failure type="java.lang.AssertionError" message="expected [true] but found [false]">
      <![CDATA[java.lang.AssertionError: expected [true] but found [false]
at com.customer.testcases.TC_LoginTest_002.loginTest(TC_LoginTest_002.java:37)
at java.base/java.util.ArrayList.forEach(ArrayList.java:1541)
... Removed 31 stack frames]]>
    </failure>
  </testcase> <!-- loginTest -->
  <testcase classname="com.customer.testcases.TC_LoginTest_002" name="loginTest" time="1.512">
    <failure type="java.lang.AssertionError" message="expected [true] but found [false]">
      <![CDATA[java.lang.AssertionError: expected [true] but found [false]
at com.customer.testcases.TC_LoginTest_002.loginTest(TC_LoginTest_002.java:37)
at java.base/java.util.ArrayList.forEach(ArrayList.java:1541)
... Removed 31 stack frames]]>
    </failure>
  </testcase> <!-- loginTest -->
  <testcase classname="com.customer.testcases.TC_LoginTest_002" name="loginTest" time="2.042">
    <failure type="java.lang.AssertionError" message="expected [true] but found [false]">
      <![CDATA[java.lang.AssertionError: expected [true] but found [false]
at com.customer.testcases.TC_LoginTest_002.loginTest(TC_LoginTest_002.java:37)
at java.base/java.util.ArrayList.forEach(ArrayList.java:1541)
... Removed 31 stack frames]]>
    </failure>
  </testcase> <!-- loginTest -->
</testsuite> <!-- customer Test1 -->
